# JRE version: Java(TM) SE Runtime Environment (8.0_144-b01) (build 1.8.0_144-b01)
# Java VM: Java HotSpot(TM) 64-Bit Server VM (25.144-b01 mixed mode windows-amd64 compressed oops)
Heap:
 PSYoungGen      total 300032K, used 180875K [0x000000076b300000, 0x0000000780180000, 0x00000007c0000000)
  eden space 258560K, 61% used [0x000000076b300000,0x0000000774f8ad98,0x000000077af80000)
  from space 41472K, 49% used [0x000000077af80000,0x000000077c398000,0x000000077d800000)
  to   space 42496K, 0% used [0x000000077d800000,0x000000077d800000,0x0000000780180000)
 ParOldGen       total 263680K, used 217900K [0x00000006c1800000, 0x00000006d1980000, 0x000000076b300000)
  object space 263680K, 82% used [0x00000006c1800000,0x00000006ceccb260,0x00000006d1980000)
 Metaspace       used 15267K, capacity 15408K, committed 15616K, reserved 1062912K
  class space    used 1675K, capacity 1684K, committed 1792K, reserved 1048576K
GC Heap History (10 events):
Event: 14.652 GC heap before
{Heap before GC invocations=23 (full 4):
 PSYoungGen      total 272896K, used 266208K [0x000000076b300000, 0x000000077c800000, 0x00000007c0000000)
  eden space 262144K, 100% used [0x000000076b300000,0x000000077b300000,0x000000077b300000)
  from space 10752K, 37% used [0x000000077bd80000,0x000000077c178000,0x000000077c800000)
  to   space 10752K, 0% used [0x000000077b300000,0x000000077b300000,0x000000077bd80000)
 ParOldGen       total 263680K, used 211440K [0x00000006c1800000, 0x00000006d1980000, 0x000000076b300000)
  object space 263680K, 80% used [0x00000006c1800000,0x00000006ce67c240,0x00000006d1980000)
 Metaspace       used 15178K, capacity 15344K, committed 15616K, reserved 1062912K
  class space    used 1672K, capacity 1684K, committed 1792K, reserved 1048576K
Event: 14.665 GC heap after
Heap after GC invocations=23 (full 4):
 PSYoungGen      total 272896K, used 8544K [0x000000076b300000, 0x000000077c800000, 0x00000007c0000000)
  eden space 262144K, 0% used [0x000000076b300000,0x000000076b300000,0x000000077b300000)
  from space 10752K, 79% used [0x000000077b300000,0x000000077bb58000,0x000000077bd80000)
  to   space 10752K, 0% used [0x000000077bd80000,0x000000077bd80000,0x000000077c800000)
 ParOldGen       total 263680K, used 211440K [0x00000006c1800000, 0x00000006d1980000, 0x000000076b300000)
  object space 263680K, 80% used [0x00000006c1800000,0x00000006ce67c240,0x00000006d1980000)
 Metaspace       used 15178K, capacity 15344K, committed 15616K, reserved 1062912K
  class space    used 1672K, capacity 1684K, committed 1792K, reserved 1048576K
}
Event: 15.232 GC heap before
{Heap before GC invocations=24 (full 4):
 PSYoungGen      total 272896K, used 270688K [0x000000076b300000, 0x000000077c800000, 0x00000007c0000000)
  eden space 262144K, 100% used [0x000000076b300000,0x000000077b300000,0x000000077b300000)
  from space 10752K, 79% used [0x000000077b300000,0x000000077bb58000,0x000000077bd80000)
  to   space 10752K, 0% used [0x000000077bd80000,0x000000077bd80000,0x000000077c800000)
 ParOldGen       total 263680K, used 211440K [0x00000006c1800000, 0x00000006d1980000, 0x000000076b300000)
  object space 263680K, 80% used [0x00000006c1800000,0x00000006ce67c240,0x00000006d1980000)
 Metaspace       used 15188K, capacity 15344K, committed 15616K, reserved 1062912K
  class space    used 1672K, capacity 1684K, committed 1792K, reserved 1048576K
Event: 15.245 GC heap after
Heap after GC invocations=24 (full 4):
 PSYoungGen      total 237056K, used 10752K [0x000000076b300000, 0x0000000782c80000, 0x00000007c0000000)
  eden space 226304K, 0% used [0x000000076b300000,0x000000076b300000,0x0000000779000000)
  from space 10752K, 100% used [0x000000077bd80000,0x000000077c800000,0x000000077c800000)
  to   space 46592K, 0% used [0x0000000779000000,0x0000000779000000,0x000000077bd80000)
 ParOldGen       total 263680K, used 214848K [0x00000006c1800000, 0x00000006d1980000, 0x000000076b300000)
  object space 263680K, 81% used [0x00000006c1800000,0x00000006ce9d0250,0x00000006d1980000)
 Metaspace       used 15188K, capacity 15344K, committed 15616K, reserved 1062912K
  class space    used 1672K, capacity 1684K, committed 1792K, reserved 1048576K
}
Event: 15.727 GC heap before
{Heap before GC invocations=25 (full 4):
 PSYoungGen      total 237056K, used 237056K [0x000000076b300000, 0x0000000782c80000, 0x00000007c0000000)
  eden space 226304K, 100% used [0x000000076b300000,0x0000000779000000,0x0000000779000000)
  from space 10752K, 100% used [0x000000077bd80000,0x000000077c800000,0x000000077c800000)
  to   space 46592K, 0% used [0x0000000779000000,0x0000000779000000,0x000000077bd80000)
 ParOldGen       total 263680K, used 214848K [0x00000006c1800000, 0x00000006d1980000, 0x000000076b300000)
  object space 263680K, 81% used [0x00000006c1800000,0x00000006ce9d0250,0x00000006d1980000)
 Metaspace       used 15257K, capacity 15344K, committed 15616K, reserved 1062912K
  class space    used 1675K, capacity 1684K, committed 1792K, reserved 1048576K
Event: 15.746 GC heap after
Heap after GC invocations=25 (full 4):
 PSYoungGen      total 272896K, used 11872K [0x000000076b300000, 0x0000000780300000, 0x00000007c0000000)
  eden space 226304K, 0% used [0x000000076b300000,0x000000076b300000,0x0000000779000000)
  from space 46592K, 25% used [0x0000000779000000,0x0000000779b98000,0x000000077bd80000)
  to   space 44032K, 0% used [0x000000077d800000,0x000000077d800000,0x0000000780300000)
 ParOldGen       total 263680K, used 217892K [0x00000006c1800000, 0x00000006d1980000, 0x000000076b300000)
  object space 263680K, 82% used [0x00000006c1800000,0x00000006cecc9260,0x00000006d1980000)
 Metaspace       used 15257K, capacity 15344K, committed 15616K, reserved 1062912K
  class space    used 1675K, capacity 1684K, committed 1792K, reserved 1048576K
}
Event: 16.183 GC heap before
{Heap before GC invocations=26 (full 4):
 PSYoungGen      total 272896K, used 238176K [0x000000076b300000, 0x0000000780300000, 0x00000007c0000000)
  eden space 226304K, 100% used [0x000000076b300000,0x0000000779000000,0x0000000779000000)
  from space 46592K, 25% used [0x0000000779000000,0x0000000779b98000,0x000000077bd80000)
  to   space 44032K, 0% used [0x000000077d800000,0x000000077d800000,0x0000000780300000)
 ParOldGen       total 263680K, used 217892K [0x00000006c1800000, 0x00000006d1980000, 0x000000076b300000)
  object space 263680K, 82% used [0x00000006c1800000,0x00000006cecc9260,0x00000006d1980000)
 Metaspace       used 15262K, capacity 15344K, committed 15616K, reserved 1062912K
  class space    used 1675K, capacity 1684K, committed 1792K, reserved 1048576K
Event: 16.205 GC heap after
Heap after GC invocations=26 (full 4):
 PSYoungGen      total 301056K, used 16512K [0x000000076b300000, 0x0000000780180000, 0x00000007c0000000)
  eden space 258560K, 0% used [0x000000076b300000,0x000000076b300000,0x000000077af80000)
  from space 42496K, 38% used [0x000000077d800000,0x000000077e820000,0x0000000780180000)
  to   space 41472K, 0% used [0x000000077af80000,0x000000077af80000,0x000000077d800000)
 ParOldGen       total 263680K, used 217900K [0x00000006c1800000, 0x00000006d1980000, 0x000000076b300000)
  object space 263680K, 82% used [0x00000006c1800000,0x00000006ceccb260,0x00000006d1980000)
 Metaspace       used 15262K, capacity 15344K, committed 15616K, reserved 1062912K
  class space    used 1675K, capacity 1684K, committed 1792K, reserved 1048576K
}
Event: 16.716 GC heap before
{Heap before GC invocations=27 (full 4):
 PSYoungGen      total 301056K, used 275072K [0x000000076b300000, 0x0000000780180000, 0x00000007c0000000)
  eden space 258560K, 100% used [0x000000076b300000,0x000000077af80000,0x000000077af80000)
  from space 42496K, 38% used [0x000000077d800000,0x000000077e820000,0x0000000780180000)
  to   space 41472K, 0% used [0x000000077af80000,0x000000077af80000,0x000000077d800000)
 ParOldGen       total 263680K, used 217900K [0x00000006c1800000, 0x00000006d1980000, 0x000000076b300000)
  object space 263680K, 82% used [0x00000006c1800000,0x00000006ceccb260,0x00000006d1980000)
 Metaspace       used 15266K, capacity 15408K, committed 15616K, reserved 1062912K
  class space    used 1675K, capacity 1684K, committed 1792K, reserved 1048576K
Event: 16.731 GC heap after
Heap after GC invocations=27 (full 4):
 PSYoungGen      total 300032K, used 20576K [0x000000076b300000, 0x0000000780180000, 0x00000007c0000000)
  eden space 258560K, 0% used [0x000000076b300000,0x000000076b300000,0x000000077af80000)
  from space 41472K, 49% used [0x000000077af80000,0x000000077c398000,0x000000077d800000)
  to   space 42496K, 0% used [0x000000077d800000,0x000000077d800000,0x0000000780180000)
 ParOldGen       total 263680K, used 217900K [0x00000006c1800000, 0x00000006d1980000, 0x000000076b300000)
  object space 263680K, 82% used [0x00000006c1800000,0x00000006ceccb260,0x00000006d1980000)
 Metaspace       used 15266K, capacity 15408K, committed 15616K, reserved 1062912K
  class space    used 1675K, capacity 1684K, committed 1792K, reserved 1048576K
}

