# JRE version: Java(TM) SE Runtime Environment (8.0_45-b15) (build 1.8.0_45-b15)
# Java VM: Java HotSpot(TM) 64-Bit Server VM (25.45-b02 mixed mode windows-amd64 compressed oops)
Heap:
 PSYoungGen      total 1223168K, used 446878K [0x0000000718d80000, 0x000000076e280000, 0x00000007c0000000)
  eden space 1048576K, 25% used [0x0000000718d80000,0x0000000729767ea8,0x0000000758d80000)
  from space 174592K, 99% used [0x0000000758d80000,0x00000007637ffa68,0x0000000763800000)
  to   space 174592K, 0% used [0x0000000763800000,0x0000000763800000,0x000000076e280000)
 ParOldGen       total 2796544K, used 1218226K [0x00000005ca800000, 0x0000000675300000, 0x0000000718d80000)
  object space 2796544K, 43% used [0x00000005ca800000,0x0000000614daca98,0x0000000675300000)
 Metaspace       used 14895K, capacity 14996K, committed 15232K, reserved 1062912K
  class space    used 1583K, capacity 1616K, committed 1664K, reserved 1048576K
GC Heap History (10 events):
Event: 46.561 GC heap before
{Heap before GC invocations=31 (full 0):
 PSYoungGen      total 1223168K, used 1061536K [0x0000000718d80000, 0x000000076e280000, 0x00000007c0000000)
  eden space 1048576K, 100% used [0x0000000718d80000,0x0000000758d80000,0x0000000758d80000)
  from space 174592K, 7% used [0x0000000763800000,0x00000007644a80a0,0x000000076e280000)
  to   space 174592K, 0% used [0x0000000758d80000,0x0000000758d80000,0x0000000763800000)
 ParOldGen       total 2796544K, used 868161K [0x00000005ca800000, 0x0000000675300000, 0x0000000718d80000)
  object space 2796544K, 31% used [0x00000005ca800000,0x00000005ff7d0498,0x0000000675300000)
 Metaspace       used 13149K, capacity 13364K, committed 13568K, reserved 1060864K
  class space    used 1432K, capacity 1456K, committed 1536K, reserved 1048576K
Event: 46.595 GC heap after
Heap after GC invocations=31 (full 0):
 PSYoungGen      total 1223168K, used 19840K [0x0000000718d80000, 0x000000076e280000, 0x00000007c0000000)
  eden space 1048576K, 0% used [0x0000000718d80000,0x0000000718d80000,0x0000000758d80000)
  from space 174592K, 11% used [0x0000000758d80000,0x000000075a0e0000,0x0000000763800000)
  to   space 174592K, 0% used [0x0000000763800000,0x0000000763800000,0x000000076e280000)
 ParOldGen       total 2796544K, used 879697K [0x00000005ca800000, 0x0000000675300000, 0x0000000718d80000)
  object space 2796544K, 31% used [0x00000005ca800000,0x0000000600314518,0x0000000675300000)
 Metaspace       used 13149K, capacity 13364K, committed 13568K, reserved 1060864K
  class space    used 1432K, capacity 1456K, committed 1536K, reserved 1048576K
}
Event: 48.664 GC heap before
{Heap before GC invocations=32 (full 0):
 PSYoungGen      total 1223168K, used 1068416K [0x0000000718d80000, 0x000000076e280000, 0x00000007c0000000)
  eden space 1048576K, 100% used [0x0000000718d80000,0x0000000758d80000,0x0000000758d80000)
  from space 174592K, 11% used [0x0000000758d80000,0x000000075a0e0000,0x0000000763800000)
  to   space 174592K, 0% used [0x0000000763800000,0x0000000763800000,0x000000076e280000)
 ParOldGen       total 2796544K, used 879697K [0x00000005ca800000, 0x0000000675300000, 0x0000000718d80000)
  object space 2796544K, 31% used [0x00000005ca800000,0x0000000600314518,0x0000000675300000)
 Metaspace       used 13390K, capacity 13588K, committed 13824K, reserved 1060864K
  class space    used 1478K, capacity 1488K, committed 1536K, reserved 1048576K
Event: 48.706 GC heap after
Heap after GC invocations=32 (full 0):
 PSYoungGen      total 1223168K, used 26415K [0x0000000718d80000, 0x000000076e280000, 0x00000007c0000000)
  eden space 1048576K, 0% used [0x0000000718d80000,0x0000000718d80000,0x0000000758d80000)
  from space 174592K, 15% used [0x0000000763800000,0x00000007651cbce8,0x000000076e280000)
  to   space 174592K, 0% used [0x0000000758d80000,0x0000000758d80000,0x0000000763800000)
 ParOldGen       total 2796544K, used 899542K [0x00000005ca800000, 0x0000000675300000, 0x0000000718d80000)
  object space 2796544K, 32% used [0x00000005ca800000,0x0000000601675820,0x0000000675300000)
 Metaspace       used 13390K, capacity 13588K, committed 13824K, reserved 1060864K
  class space    used 1478K, capacity 1488K, committed 1536K, reserved 1048576K
}
Event: 52.495 GC heap before
{Heap before GC invocations=33 (full 0):
 PSYoungGen      total 1223168K, used 1074991K [0x0000000718d80000, 0x000000076e280000, 0x00000007c0000000)
  eden space 1048576K, 100% used [0x0000000718d80000,0x0000000758d80000,0x0000000758d80000)
  from space 174592K, 15% used [0x0000000763800000,0x00000007651cbce8,0x000000076e280000)
  to   space 174592K, 0% used [0x0000000758d80000,0x0000000758d80000,0x0000000763800000)
 ParOldGen       total 2796544K, used 899542K [0x00000005ca800000, 0x0000000675300000, 0x0000000718d80000)
  object space 2796544K, 32% used [0x00000005ca800000,0x0000000601675820,0x0000000675300000)
 Metaspace       used 13558K, capacity 13780K, committed 14080K, reserved 1062912K
  class space    used 1484K, capacity 1488K, committed 1536K, reserved 1048576K
Event: 52.596 GC heap after
Heap after GC invocations=33 (full 0):
 PSYoungGen      total 1223168K, used 57047K [0x0000000718d80000, 0x000000076e280000, 0x00000007c0000000)
  eden space 1048576K, 0% used [0x0000000718d80000,0x0000000718d80000,0x0000000758d80000)
  from space 174592K, 32% used [0x0000000758d80000,0x000000075c535f60,0x0000000763800000)
  to   space 174592K, 0% used [0x0000000763800000,0x0000000763800000,0x000000076e280000)
 ParOldGen       total 2796544K, used 925681K [0x00000005ca800000, 0x0000000675300000, 0x0000000718d80000)
  object space 2796544K, 33% used [0x00000005ca800000,0x0000000602ffc498,0x0000000675300000)
 Metaspace       used 13558K, capacity 13780K, committed 14080K, reserved 1062912K
  class space    used 1484K, capacity 1488K, committed 1536K, reserved 1048576K
}
Event: 60.075 GC heap before
{Heap before GC invocations=34 (full 0):
 PSYoungGen      total 1223168K, used 1105623K [0x0000000718d80000, 0x000000076e280000, 0x00000007c0000000)
  eden space 1048576K, 100% used [0x0000000718d80000,0x0000000758d80000,0x0000000758d80000)
  from space 174592K, 32% used [0x0000000758d80000,0x000000075c535f60,0x0000000763800000)
  to   space 174592K, 0% used [0x0000000763800000,0x0000000763800000,0x000000076e280000)
 ParOldGen       total 2796544K, used 925681K [0x00000005ca800000, 0x0000000675300000, 0x0000000718d80000)
  object space 2796544K, 33% used [0x00000005ca800000,0x0000000602ffc498,0x0000000675300000)
 Metaspace       used 13911K, capacity 14132K, committed 14336K, reserved 1062912K
  class space    used 1504K, capacity 1520K, committed 1536K, reserved 1048576K
Event: 60.277 GC heap after
Heap after GC invocations=34 (full 0):
 PSYoungGen      total 1223168K, used 174570K [0x0000000718d80000, 0x000000076e280000, 0x00000007c0000000)
  eden space 1048576K, 0% used [0x0000000718d80000,0x0000000718d80000,0x0000000758d80000)
  from space 174592K, 99% used [0x0000000763800000,0x000000076e27a8d8,0x000000076e280000)
  to   space 174592K, 0% used [0x0000000758d80000,0x0000000758d80000,0x0000000763800000)
 ParOldGen       total 2796544K, used 1043421K [0x00000005ca800000, 0x0000000675300000, 0x0000000718d80000)
  object space 2796544K, 37% used [0x00000005ca800000,0x000000060a2f75c8,0x0000000675300000)
 Metaspace       used 13911K, capacity 14132K, committed 14336K, reserved 1062912K
  class space    used 1504K, capacity 1520K, committed 1536K, reserved 1048576K
}
Event: 67.553 GC heap before
{Heap before GC invocations=35 (full 0):
 PSYoungGen      total 1223168K, used 1223146K [0x0000000718d80000, 0x000000076e280000, 0x00000007c0000000)
  eden space 1048576K, 100% used [0x0000000718d80000,0x0000000758d80000,0x0000000758d80000)
  from space 174592K, 99% used [0x0000000763800000,0x000000076e27a8d8,0x000000076e280000)
  to   space 174592K, 0% used [0x0000000758d80000,0x0000000758d80000,0x0000000763800000)
 ParOldGen       total 2796544K, used 1043421K [0x00000005ca800000, 0x0000000675300000, 0x0000000718d80000)
  object space 2796544K, 37% used [0x00000005ca800000,0x000000060a2f75c8,0x0000000675300000)
 Metaspace       used 14814K, capacity 14932K, committed 15232K, reserved 1062912K
  class space    used 1582K, capacity 1616K, committed 1664K, reserved 1048576K
Event: 67.864 GC heap after
Heap after GC invocations=35 (full 0):
 PSYoungGen      total 1223168K, used 174590K [0x0000000718d80000, 0x000000076e280000, 0x00000007c0000000)
  eden space 1048576K, 0% used [0x0000000718d80000,0x0000000718d80000,0x0000000758d80000)
  from space 174592K, 99% used [0x0000000758d80000,0x00000007637ffa68,0x0000000763800000)
  to   space 174592K, 0% used [0x0000000763800000,0x0000000763800000,0x000000076e280000)
 ParOldGen       total 2796544K, used 1218226K [0x00000005ca800000, 0x0000000675300000, 0x0000000718d80000)
  object space 2796544K, 43% used [0x00000005ca800000,0x0000000614daca98,0x0000000675300000)
 Metaspace       used 14814K, capacity 14932K, committed 15232K, reserved 1062912K
  class space    used 1582K, capacity 1616K, committed 1664K, reserved 1048576K
}

